

*******************************************************************************
Mon Oct 30 22:26:40 2017


FIT:    data read from '1.txt'
        format = z
        #datapoints = 7
        residuals are weighted equally (unit weight)

function used for fitting: f(x)
fitted parameters initialized with current variable values



 Iteration 0
 WSSR        : 1595.52           delta(WSSR)/WSSR   : 0
 delta(WSSR) : 0                 limit for stopping : 1e-05
 lambda	  : 7.0407

initial set of free parameter values

a               = 1
b               = 1
c               = 1

After 4 iterations the fit converged.
final sum of squares of residuals : 10.5547
rel. change during last iteration : -6.18172e-07

degrees of freedom    (FIT_NDF)                        : 4
rms of residuals      (FIT_STDFIT) = sqrt(WSSR/ndf)    : 1.6244
variance of residuals (reduced chisquare) = WSSR/ndf   : 2.63867

Final set of parameters            Asymptotic Standard Error
=======================            ==========================

a               = 4.06667          +/- 1.091        (26.82%)
b               = 1.22             +/- 1.189        (97.49%)
c               = 2.03333          +/- 0.2432       (11.96%)


correlation matrix of the fit parameters:

               a      b      c      
a               1.000 
b              -0.658  1.000 
c               0.488 -0.958  1.000 


*******************************************************************************
Mon Oct 30 22:27:52 2017


FIT:    data read from '2.txt'
        format = z
        #datapoints = 6
        residuals are weighted equally (unit weight)

function used for fitting: f(x)
fitted parameters initialized with current variable values



 Iteration 0
 WSSR        : 1570.52           delta(WSSR)/WSSR   : 0
 delta(WSSR) : 0                 limit for stopping : 1e-05
 lambda	  : 7.60117

initial set of free parameter values

a               = 1
b               = 1
c               = 1

After 4 iterations the fit converged.
final sum of squares of residuals : 3.74657
rel. change during last iteration : -1.96922e-07

degrees of freedom    (FIT_NDF)                        : 3
rms of residuals      (FIT_STDFIT) = sqrt(WSSR/ndf)    : 1.11752
variance of residuals (reduced chisquare) = WSSR/ndf   : 1.24886

Final set of parameters            Asymptotic Standard Error
=======================            ==========================

a               = 2.47857          +/- 1.013        (40.86%)
b               = 2.35929          +/- 0.9527       (40.38%)
c               = 1.86071          +/- 0.1829       (9.829%)


correlation matrix of the fit parameters:

               a      b      c      
a               1.000 
b              -0.763  1.000 
c               0.602 -0.960  1.000 
